<?xml version="1.0" encoding="UTF-8"?>
<testsuite xmlns:xsi="http://www.w3.org/2001/XMLSchema-instance" xsi:noNamespaceSchemaLocation="https://maven.apache.org/surefire/maven-surefire-plugin/xsd/surefire-test-report.xsd" name="cn.xmu.edu.order.dao.OrderDaoTest" time="0.375" tests="1" errors="1" skipped="0" failures="0">
  <properties>
[...]
</properties>
  <testcase name="getOrderStatesTest" classname="cn.xmu.edu.order.dao.OrderDaoTest" time="0.317">
    <error message="class cn.edu.xmu.order.model.bo.OrderStateBo cannot be cast to class cn.edu.xmu.ooad.util.OrderStateCode (cn.edu.xmu.order.model.bo.OrderStateBo and cn.edu.xmu.ooad.util.OrderStateCode are in unnamed module of loader &apos;app&apos;)" type="java.lang.ClassCastException">java.lang.ClassCastException: class cn.edu.xmu.order.model.bo.OrderStateBo cannot be cast to class cn.edu.xmu.ooad.util.OrderStateCode (cn.edu.xmu.order.model.bo.OrderStateBo and cn.edu.xmu.ooad.util.OrderStateCode are in unnamed module of loader 'app')
	at cn.xmu.edu.order.dao.OrderDaoTest.getOrderStatesTest(OrderDaoTest.java:35)
</error>
    <system-out><![CDATA[2020-12-05 10:44:14.420  INFO 2020 --- [           main] .b.t.c.SpringBootTestContextBootstrapper : Neither @ContextConfiguration nor @ContextHierarchy found for test class [cn.xmu.edu.order.dao.OrderDaoTest], using SpringBootContextLoader
2020-12-05 10:44:14.422  INFO 2020 --- [           main] o.s.t.c.support.AbstractContextLoader    : Could not detect default resource locations for test class [cn.xmu.edu.order.dao.OrderDaoTest]: no resource found for suffixes {-context.xml, Context.groovy}.
2020-12-05 10:44:14.428  INFO 2020 --- [           main] .b.t.c.SpringBootTestContextBootstrapper : Loaded default TestExecutionListener class names from location [META-INF/spring.factories]: [org.springframework.boot.test.mock.mockito.MockitoTestExecutionListener, org.springframework.boot.test.mock.mockito.ResetMocksTestExecutionListener, org.springframework.boot.test.autoconfigure.restdocs.RestDocsTestExecutionListener, org.springframework.boot.test.autoconfigure.web.client.MockRestServiceServerResetTestExecutionListener, org.springframework.boot.test.autoconfigure.web.servlet.MockMvcPrintOnlyOnFailureTestExecutionListener, org.springframework.boot.test.autoconfigure.web.servlet.WebDriverTestExecutionListener, org.springframework.boot.test.autoconfigure.webservices.client.MockWebServiceServerTestExecutionListener, org.springframework.test.context.web.ServletTestExecutionListener, org.springframework.test.context.support.DirtiesContextBeforeModesTestExecutionListener, org.springframework.test.context.support.DependencyInjectionTestExecutionListener, org.springframework.test.context.support.DirtiesContextTestExecutionListener, org.springframework.test.context.transaction.TransactionalTestExecutionListener, org.springframework.test.context.jdbc.SqlScriptsTestExecutionListener, org.springframework.test.context.event.EventPublishingTestExecutionListener]
2020-12-05 10:44:14.429  INFO 2020 --- [           main] .b.t.c.SpringBootTestContextBootstrapper : Using TestExecutionListeners: [org.springframework.test.context.web.ServletTestExecutionListener@68ff5976, org.springframework.test.context.support.DirtiesContextBeforeModesTestExecutionListener@2b2d5dcf, org.springframework.boot.test.mock.mockito.MockitoTestExecutionListener@3b187ebb, org.springframework.boot.test.autoconfigure.SpringBootDependencyInjectionTestExecutionListener@4524d7c9, org.springframework.test.context.support.DirtiesContextTestExecutionListener@570202f2, org.springframework.test.context.transaction.TransactionalTestExecutionListener@1600eef8, org.springframework.test.context.jdbc.SqlScriptsTestExecutionListener@6e15b725, org.springframework.test.context.event.EventPublishingTestExecutionListener@decbfb1, org.springframework.boot.test.mock.mockito.ResetMocksTestExecutionListener@4abe396c, org.springframework.boot.test.autoconfigure.restdocs.RestDocsTestExecutionListener@5b5869ed, org.springframework.boot.test.autoconfigure.web.client.MockRestServiceServerResetTestExecutionListener@1837413c, org.springframework.boot.test.autoconfigure.web.servlet.MockMvcPrintOnlyOnFailureTestExecutionListener@704e64bc, org.springframework.boot.test.autoconfigure.web.servlet.WebDriverTestExecutionListener@4b804680, org.springframework.boot.test.autoconfigure.webservices.client.MockWebServiceServerTestExecutionListener@538f491c]
]]></system-out>
  </testcase>
</testsuite>