<?xml version="1.0" encoding="UTF-8"?>
<testsuite xmlns:xsi="http://www.w3.org/2001/XMLSchema-instance" xsi:noNamespaceSchemaLocation="https://maven.apache.org/surefire/maven-surefire-plugin/xsd/surefire-test-report.xsd" name="cn.edu.xmu.freight.controller.FreightControllerTest" time="73.532" tests="10" errors="0" skipped="0" failures="0">
  <properties>
[...]
</properties>
  <testcase name="changeFreightModel" classname="cn.edu.xmu.freight.controller.FreightControllerTest" time="3.006"/>
  <testcase name="getFreightModelSimpleInfo" classname="cn.edu.xmu.freight.controller.FreightControllerTest" time="2.043"/>
  <testcase name="postWeightItems" classname="cn.edu.xmu.freight.controller.FreightControllerTest" time="2.002"/>
  <testcase name="getFreightModelsWeightItems" classname="cn.edu.xmu.freight.controller.FreightControllerTest" time="2.019"/>
  <testcase name="getFreightModelsPieceItems" classname="cn.edu.xmu.freight.controller.FreightControllerTest" time="2.03"/>
  <testcase name="getFreightModelsInShop" classname="cn.edu.xmu.freight.controller.FreightControllerTest" time="2.607"/>
  <testcase name="cloneFreightModel" classname="cn.edu.xmu.freight.controller.FreightControllerTest" time="1.985"/>
  <testcase name="deleteFreightModel" classname="cn.edu.xmu.freight.controller.FreightControllerTest" time="2.012"/>
  <testcase name="postPieceItems" classname="cn.edu.xmu.freight.controller.FreightControllerTest" time="2.024"/>
  <testcase name="postFreightModelsToShop" classname="cn.edu.xmu.freight.controller.FreightControllerTest" time="2.018"/>
</testsuite>